Using pre-set license
Built from '2021.2/staging' branch; Version is '2021.2.2f1 (5e2b1e92c7f8) revision 6171422'; Using compiler version '192829333'; Build Type 'Release'
OS: 'Windows 10 Pro; OS build 19042.1288; Version 2009; 64bit' Language: 'en' Physical Memory: 16334 MB
BatchMode: 1, IsHumanControllingUs: 0, StartBugReporterOnCrash: 0, Is64bit: 1, IsPro: 0

COMMAND LINE ARGUMENTS:
C:\Program Files\Unity\Hub\Editor\2021.2.2f1\Editor\Unity.exe
-adb2
-batchMode
-noUpm
-name
AssetImportWorker0
-projectPath
H:/WorkGit/EventsRunner
-logFile
Logs/AssetImportWorker0.log
-srvPort
59554
Successfully changed project path to: H:/WorkGit/EventsRunner
H:/WorkGit/EventsRunner
[UnityMemory] Configuration Parameters - Can be set up in boot.config
    "memorysetup-bucket-allocator-granularity=16"
    "memorysetup-bucket-allocator-bucket-count=8"
    "memorysetup-bucket-allocator-block-size=33554432"
    "memorysetup-bucket-allocator-block-count=8"
    "memorysetup-main-allocator-block-size=16777216"
    "memorysetup-thread-allocator-block-size=16777216"
    "memorysetup-gfx-main-allocator-block-size=16777216"
    "memorysetup-gfx-thread-allocator-block-size=16777216"
    "memorysetup-cache-allocator-block-size=4194304"
    "memorysetup-typetree-allocator-block-size=2097152"
    "memorysetup-profiler-bucket-allocator-granularity=16"
    "memorysetup-profiler-bucket-allocator-bucket-count=8"
    "memorysetup-profiler-bucket-allocator-block-size=33554432"
    "memorysetup-profiler-bucket-allocator-block-count=8"
    "memorysetup-profiler-allocator-block-size=16777216"
    "memorysetup-profiler-editor-allocator-block-size=1048576"
    "memorysetup-temp-allocator-size-main=16777216"
    "memorysetup-job-temp-allocator-block-size=2097152"
    "memorysetup-job-temp-allocator-block-size-background=1048576"
    "memorysetup-job-temp-allocator-reduction-small-platforms=262144"
    "memorysetup-temp-allocator-size-background-worker=32768"
    "memorysetup-temp-allocator-size-job-worker=262144"
    "memorysetup-temp-allocator-size-preload-manager=33554432"
    "memorysetup-temp-allocator-size-nav-mesh-worker=65536"
    "memorysetup-temp-allocator-size-audio-worker=65536"
    "memorysetup-temp-allocator-size-cloud-worker=32768"
    "memorysetup-temp-allocator-size-gi-baking-worker=262144"
    "memorysetup-temp-allocator-size-gfx=262144"
Refreshing native plugins compatible for Editor in 32.49 ms, found 2 plugins.
Preloading 0 native plugins for Editor in 0.00 ms.
Initialize engine version: 2021.2.2f1 (5e2b1e92c7f8)
[Subsystems] Discovering subsystems at path C:/Program Files/Unity/Hub/Editor/2021.2.2f1/Editor/Data/Resources/UnitySubsystems
[Subsystems] Discovering subsystems at path H:/WorkGit/EventsRunner/Assets
GfxDevice: creating device client; threaded=0; jobified=0
Direct3D:
    Version:  Direct3D 11.0 [level 11.1]
    Renderer: NVIDIA GeForce GTX 1060 6GB (ID=0x1c03)
    Vendor:   NVIDIA
    VRAM:     6052 MB
    Driver:   27.21.14.6140
Initialize mono
Mono path[0] = 'C:/Program Files/Unity/Hub/Editor/2021.2.2f1/Editor/Data/Managed'
Mono path[1] = 'C:/Program Files/Unity/Hub/Editor/2021.2.2f1/Editor/Data/MonoBleedingEdge/lib/mono/unityjit-win32'
Mono config path = 'C:/Program Files/Unity/Hub/Editor/2021.2.2f1/Editor/Data/MonoBleedingEdge/etc'
Using monoOptions --debugger-agent=transport=dt_socket,embedding=1,server=y,suspend=n,address=127.0.0.1:56308
Begin MonoManager ReloadAssembly
Registering precompiled unity dll's ...
Register platform support module: C:/Program Files/Unity/Hub/Editor/2021.2.2f1/Editor/Data/PlaybackEngines/WindowsStandaloneSupport/UnityEditor.WindowsStandalone.Extensions.dll
Registered in 0.007951 seconds.
Native extension for WindowsStandalone target not found
Refreshing native plugins compatible for Editor in 29.69 ms, found 2 plugins.
Preloading 0 native plugins for Editor in 0.00 ms.
Mono: successfully reloaded assembly
- Completed reload, in  0.493 seconds
Domain Reload Profiling:
	ReloadAssembly (493ms)
		BeginReloadAssembly (62ms)
			ExecutionOrderSort (0ms)
			DisableScriptedObjects (0ms)
			BackupInstance (0ms)
			ReleaseScriptingObjects (0ms)
			CreateAndSetChildDomain (1ms)
		EndReloadAssembly (353ms)
			LoadAssemblies (60ms)
			RebuildTransferFunctionScriptingTraits (0ms)
			SetupTypeCache (89ms)
			ReleaseScriptCaches (0ms)
			RebuildScriptCaches (22ms)
			SetupLoadedEditorAssemblies (196ms)
				LogAssemblyErrors (0ms)
				InitializePlatformSupportModulesInManaged (13ms)
				SetLoadedEditorAssemblies (0ms)
				RefreshPlugins (30ms)
				BeforeProcessingInitializeOnLoad (1ms)
				ProcessInitializeOnLoadAttributes (114ms)
				ProcessInitializeOnLoadMethodAttributes (38ms)
				AfterProcessingInitializeOnLoad (0ms)
				EditorAssembliesLoaded (0ms)
			ExecutionOrderSort2 (0ms)
			AwakeInstancesAfterBackupRestoration (0ms)
Platform modules already initialized, skipping
Registering precompiled user dll's ...
Registered in 0.007048 seconds.
Begin MonoManager ReloadAssembly
Native extension for WindowsStandalone target not found
Refreshing native plugins compatible for Editor in 28.97 ms, found 2 plugins.
Preloading 0 native plugins for Editor in 0.00 ms.
Mono: successfully reloaded assembly
- Completed reload, in  0.925 seconds
Domain Reload Profiling:
	ReloadAssembly (926ms)
		BeginReloadAssembly (150ms)
			ExecutionOrderSort (0ms)
			DisableScriptedObjects (5ms)
			BackupInstance (0ms)
			ReleaseScriptingObjects (0ms)
			CreateAndSetChildDomain (19ms)
		EndReloadAssembly (689ms)
			LoadAssemblies (68ms)
			RebuildTransferFunctionScriptingTraits (0ms)
			SetupTypeCache (169ms)
			ReleaseScriptCaches (1ms)
			RebuildScriptCaches (36ms)
			SetupLoadedEditorAssemblies (329ms)
				LogAssemblyErrors (0ms)
				InitializePlatformSupportModulesInManaged (10ms)
				SetLoadedEditorAssemblies (0ms)
				RefreshPlugins (29ms)
				BeforeProcessingInitializeOnLoad (51ms)
				ProcessInitializeOnLoadAttributes (213ms)
				ProcessInitializeOnLoadMethodAttributes (17ms)
				AfterProcessingInitializeOnLoad (9ms)
				EditorAssembliesLoaded (0ms)
			ExecutionOrderSort2 (0ms)
			AwakeInstancesAfterBackupRestoration (6ms)
Platform modules already initialized, skipping
========================================================================
Worker process is ready to serve import requests
Launched and connected shader compiler UnityShaderCompiler.exe after 0.05 seconds
Refreshing native plugins compatible for Editor in 0.47 ms, found 2 plugins.
Preloading 0 native plugins for Editor in 0.00 ms.
Unloading 1863 Unused Serialized files (Serialized files now loaded: 0)
Unloading 22 unused Assets / (55.9 KB). Loaded Objects now: 2327.
Memory consumption went from 85.9 MB to 85.9 MB.
Total: 2.834000 ms (FindLiveObjects: 0.186600 ms CreateObjectMapping: 0.046000 ms MarkObjects: 2.529000 ms  DeleteObjects: 0.071200 ms)

AssetImportParameters requested are different than current active one (requested -> active):
  custom:video-decoder-ogg-theora: a1e56fd34408186e4bbccfd4996cb3dc -> 
  custom:container-muxer-webm: aa71ff27fc2769a1b78a27578f13a17b -> 
  custom:container-demuxer-webm: 4f35f7cbe854078d1ac9338744f61a02 -> 
  custom:video-encoder-webm-vp8: eb34c28f22e8b96e1ab97ce403110664 -> 
  custom:audio-encoder-webm-vorbis: bf7c407c2cedff20999df2af8eb42d56 -> 
  custom:framework-win-MediaFoundation: 216162199b28c13a410421893ffa2e32 -> 
  custom:container-demuxer-ogg: 62fdf1f143b41e24485cea50d1cbac27 -> 
  custom:video-decoder-webm-vp8: 9c59270c3fd7afecdb556c50c9e8de78 -> 
  custom:audio-decoder-ogg-vorbis: bf7c407c2cedff20999df2af8eb42d56 -> 
========================================================================
Received Import Request.
  Time since last request: 6573.631914 seconds.
  path: Assets/Models by Quaternius/Updated Modular Dungeon - May 2019-20190521T133959Z-001
  artifactKey: Guid(a2598fe8608315b44924c4f9d4210a8c) Importer(815301076,1909f56bfc062723c751e8b465ee728b)
Start importing Assets/Models by Quaternius/Updated Modular Dungeon - May 2019-20190521T133959Z-001 using Guid(a2598fe8608315b44924c4f9d4210a8c) Importer(815301076,1909f56bfc062723c751e8b465ee728b)  -> (artifact id: '1db68a3b13bdb7cdb51426cc88e3765f') in 0.008911 seconds 
========================================================================
Received Import Request.
  Time since last request: 41.206761 seconds.
  path: Assets/Models by Quaternius/Ultimate Modular Ruins Pack - Aug 2021/Blends/Arch_Gothic.blend
  artifactKey: Guid(2d19a01411f5a1344a9a176d1d949e3a) Importer(815301076,1909f56bfc062723c751e8b465ee728b)
Start importing Assets/Models by Quaternius/Ultimate Modular Ruins Pack - Aug 2021/Blends/Arch_Gothic.blend using Guid(2d19a01411f5a1344a9a176d1d949e3a) Importer(815301076,1909f56bfc062723c751e8b465ee728b)  -> (artifact id: 'c43c15bc41193b5861a8f97a5037396e') in 0.146547 seconds 
========================================================================
Received Import Request.
  Time since last request: 0.000021 seconds.
  path: Assets/Models by Quaternius/Ultimate Modular Ruins Pack - Aug 2021/Blends/Cart.blend
  artifactKey: Guid(b7b6d3b844cb5694d8ecd27838037b73) Importer(815301076,1909f56bfc062723c751e8b465ee728b)
Start importing Assets/Models by Quaternius/Ultimate Modular Ruins Pack - Aug 2021/Blends/Cart.blend using Guid(b7b6d3b844cb5694d8ecd27838037b73) Importer(815301076,1909f56bfc062723c751e8b465ee728b)  -> (artifact id: '503a5f6e1b6a1a6d25527f12e81cb1a6') in 0.158857 seconds 
========================================================================
Received Import Request.
  Time since last request: 0.000028 seconds.
  path: Assets/Models by Quaternius/Ultimate Modular Ruins Pack - Aug 2021/Blends/Pot3.blend
  artifactKey: Guid(fabf5f1208486034288ccf53cc8b163a) Importer(815301076,1909f56bfc062723c751e8b465ee728b)
Start importing Assets/Models by Quaternius/Ultimate Modular Ruins Pack - Aug 2021/Blends/Pot3.blend using Guid(fabf5f1208486034288ccf53cc8b163a) Importer(815301076,1909f56bfc062723c751e8b465ee728b)  -> (artifact id: '921b8dd909cb697f1b1844b2a429013d') in 0.026279 seconds 
========================================================================
Received Import Request.
  Time since last request: 0.000021 seconds.
  path: Assets/Models by Quaternius/Ultimate Modular Ruins Pack - Aug 2021/Blends/Bush_1x1.blend
  artifactKey: Guid(37c1e2dae618ac9409873395b25edd2b) Importer(815301076,1909f56bfc062723c751e8b465ee728b)
Start importing Assets/Models by Quaternius/Ultimate Modular Ruins Pack - Aug 2021/Blends/Bush_1x1.blend using Guid(37c1e2dae618ac9409873395b25edd2b) Importer(815301076,1909f56bfc062723c751e8b465ee728b)  -> (artifact id: '7ad8dc150340af56e56abe8cab7d1c1a') in 0.034020 seconds 
========================================================================
Received Import Request.
  Time since last request: 0.000021 seconds.
  path: Assets/Models by Quaternius/Ultimate Modular Ruins Pack - Aug 2021/Blends/Wall_Double_Broken.blend
  artifactKey: Guid(874f1554970cd5340972f355573618a3) Importer(815301076,1909f56bfc062723c751e8b465ee728b)
Start importing Assets/Models by Quaternius/Ultimate Modular Ruins Pack - Aug 2021/Blends/Wall_Double_Broken.blend using Guid(874f1554970cd5340972f355573618a3) Importer(815301076,1909f56bfc062723c751e8b465ee728b)  -> (artifact id: 'fea324c6f4d71b80f3647a1dcbef43ea') in 0.023338 seconds 
========================================================================
Received Import Request.
  Time since last request: 0.000020 seconds.
  path: Assets/Models by Quaternius/Ultimate Modular Ruins Pack - Aug 2021/Blends/BearTrap_Open.blend
  artifactKey: Guid(24227f05f4d54da47a2052c9aa16f868) Importer(815301076,1909f56bfc062723c751e8b465ee728b)
Start importing Assets/Models by Quaternius/Ultimate Modular Ruins Pack - Aug 2021/Blends/BearTrap_Open.blend using Guid(24227f05f4d54da47a2052c9aa16f868) Importer(815301076,1909f56bfc062723c751e8b465ee728b)  -> (artifact id: '6d6807066f84a0c2f33c7164418351e2') in 0.021732 seconds 
========================================================================
Received Import Request.
  Time since last request: 0.000021 seconds.
  path: Assets/Models by Quaternius/Ultimate Modular Ruins Pack - Aug 2021/Blends/Column_Round_Short.blend
  artifactKey: Guid(a2335a31bb0ad534781b51519d147294) Importer(815301076,1909f56bfc062723c751e8b465ee728b)
Start importing Assets/Models by Quaternius/Ultimate Modular Ruins Pack - Aug 2021/Blends/Column_Round_Short.blend using Guid(a2335a31bb0ad534781b51519d147294) Importer(815301076,1909f56bfc062723c751e8b465ee728b)  -> (artifact id: 'a409d9834879911320f1c1cde3fe3743') in 0.021950 seconds 
========================================================================
Received Import Request.
  Time since last request: 0.000018 seconds.
  path: Assets/Models by Quaternius/Ultimate Modular Ruins Pack - Aug 2021/Blends/Skull.blend
  artifactKey: Guid(fe7d8e84e1c3ff942b17c33aa5457e69) Importer(815301076,1909f56bfc062723c751e8b465ee728b)
Start importing Assets/Models by Quaternius/Ultimate Modular Ruins Pack - Aug 2021/Blends/Skull.blend using Guid(fe7d8e84e1c3ff942b17c33aa5457e69) Importer(815301076,1909f56bfc062723c751e8b465ee728b)  -> (artifact id: '4031a11595f8c0bf57bf3b641edc5426') in 0.034420 seconds 
========================================================================
Received Import Request.
  Time since last request: 0.000030 seconds.
  path: Assets/Models by Quaternius/Ultimate Modular Ruins Pack - Aug 2021/Blends/Wall_ArchRound_Broken.blend
  artifactKey: Guid(dd07bcfecd285b242ac0ab31e5d368bc) Importer(815301076,1909f56bfc062723c751e8b465ee728b)
Start importing Assets/Models by Quaternius/Ultimate Modular Ruins Pack - Aug 2021/Blends/Wall_ArchRound_Broken.blend using Guid(dd07bcfecd285b242ac0ab31e5d368bc) Importer(815301076,1909f56bfc062723c751e8b465ee728b)  -> (artifact id: '0af2d4a4c39377a8fe22a801c92d491d') in 0.054294 seconds 
========================================================================
Received Import Request.
  Time since last request: 0.000021 seconds.
  path: Assets/Models by Quaternius/Ultimate Modular Ruins Pack - Aug 2021/Blends/Rail_Corner.blend
  artifactKey: Guid(52cf43e152086634b8517b706c1e7a14) Importer(815301076,1909f56bfc062723c751e8b465ee728b)
Start importing Assets/Models by Quaternius/Ultimate Modular Ruins Pack - Aug 2021/Blends/Rail_Corner.blend using Guid(52cf43e152086634b8517b706c1e7a14) Importer(815301076,1909f56bfc062723c751e8b465ee728b)  -> (artifact id: '3e16ee4ee98525a90b9841bc026ffc43') in 0.040900 seconds 
========================================================================
Received Import Request.
  Time since last request: 0.000024 seconds.
  path: Assets/Models by Quaternius/Ultimate Modular Ruins Pack - Aug 2021/Blends/Wall_Hole.blend
  artifactKey: Guid(f6349cf1146621b4eacbab0d7acc2f80) Importer(815301076,1909f56bfc062723c751e8b465ee728b)
Start importing Assets/Models by Quaternius/Ultimate Modular Ruins Pack - Aug 2021/Blends/Wall_Hole.blend using Guid(f6349cf1146621b4eacbab0d7acc2f80) Importer(815301076,1909f56bfc062723c751e8b465ee728b)  -> (artifact id: 'd81c36b2e90a5a7fcbabdf084cf91a25') in 0.023721 seconds 
========================================================================
Received Import Request.
  Time since last request: 0.000020 seconds.
  path: Assets/Models by Quaternius/Ultimate Modular Ruins Pack - Aug 2021/Blends/Floor_Standard.blend
  artifactKey: Guid(acaf4f75a0772a44e9e97ad367618013) Importer(815301076,1909f56bfc062723c751e8b465ee728b)
Start importing Assets/Models by Quaternius/Ultimate Modular Ruins Pack - Aug 2021/Blends/Floor_Standard.blend using Guid(acaf4f75a0772a44e9e97ad367618013) Importer(815301076,1909f56bfc062723c751e8b465ee728b)  -> (artifact id: '3467d0b0995d3d63e30709c7cf1198e4') in 0.026360 seconds 
========================================================================
Received Import Request.
  Time since last request: 0.000021 seconds.
  path: Assets/Models by Quaternius/Ultimate Modular Ruins Pack - Aug 2021/Blends/Tree_3.blend
  artifactKey: Guid(fc193d7c41d9315499a3864b8359c737) Importer(815301076,1909f56bfc062723c751e8b465ee728b)
Start importing Assets/Models by Quaternius/Ultimate Modular Ruins Pack - Aug 2021/Blends/Tree_3.blend using Guid(fc193d7c41d9315499a3864b8359c737) Importer(815301076,1909f56bfc062723c751e8b465ee728b)  -> (artifact id: 'b05c5169c2b6a776cc8b32dc1ab30d28') in 0.026601 seconds 
========================================================================
Received Import Request.
  Time since last request: 0.000020 seconds.
  path: Assets/Models by Quaternius/Ultimate Modular Ruins Pack - Aug 2021/Blends/Tree_2.blend
  artifactKey: Guid(46d4e83ff42156e4d9ddf01fd78629ca) Importer(815301076,1909f56bfc062723c751e8b465ee728b)
Start importing Assets/Models by Quaternius/Ultimate Modular Ruins Pack - Aug 2021/Blends/Tree_2.blend using Guid(46d4e83ff42156e4d9ddf01fd78629ca) Importer(815301076,1909f56bfc062723c751e8b465ee728b)  -> (artifact id: 'f0d8638334870978cc7f34d58af5c60c') in 0.025320 seconds 
========================================================================
Received Import Request.
  Time since last request: 0.000020 seconds.
  path: Assets/Models by Quaternius/Ultimate Modular Ruins Pack - Aug 2021/Blends/Candles_1.blend
  artifactKey: Guid(0c4268bb1a53b4d49a6cf04f848dd862) Importer(815301076,1909f56bfc062723c751e8b465ee728b)
Start importing Assets/Models by Quaternius/Ultimate Modular Ruins Pack - Aug 2021/Blends/Candles_1.blend using Guid(0c4268bb1a53b4d49a6cf04f848dd862) Importer(815301076,1909f56bfc062723c751e8b465ee728b)  -> (artifact id: 'bd8db59b70ae993b04984ac16c2ff67c') in 0.028684 seconds 
========================================================================
Received Import Request.
  Time since last request: 0.000019 seconds.
  path: Assets/Models by Quaternius/Ultimate Modular Ruins Pack - Aug 2021/Blends/Candles_2.blend
  artifactKey: Guid(2e436b21bcce1b544a0ce09ac601faa5) Importer(815301076,1909f56bfc062723c751e8b465ee728b)
Start importing Assets/Models by Quaternius/Ultimate Modular Ruins Pack - Aug 2021/Blends/Candles_2.blend using Guid(2e436b21bcce1b544a0ce09ac601faa5) Importer(815301076,1909f56bfc062723c751e8b465ee728b)  -> (artifact id: '980384b87b258f7f167ad753af41c471') in 0.026786 seconds 
========================================================================
Received Import Request.
  Time since last request: 0.000017 seconds.
  path: Assets/Models by Quaternius/Ultimate Modular Ruins Pack - Aug 2021/Blends/Bush_Large.blend
  artifactKey: Guid(446edee625c628143a966c9c512c7280) Importer(815301076,1909f56bfc062723c751e8b465ee728b)
Start importing Assets/Models by Quaternius/Ultimate Modular Ruins Pack - Aug 2021/Blends/Bush_Large.blend using Guid(446edee625c628143a966c9c512c7280) Importer(815301076,1909f56bfc062723c751e8b465ee728b)  -> (artifact id: '2f54a8d3f6d35f9f3fc4933e96d6eb51') in 0.033917 seconds 
========================================================================
Received Import Request.
  Time since last request: 0.000023 seconds.
  path: Assets/Models by Quaternius/Ultimate Modular Ruins Pack - Aug 2021/Blends/Floor_Standard_Half.blend
  artifactKey: Guid(b2d971c7868817a41807ec4a283a9652) Importer(815301076,1909f56bfc062723c751e8b465ee728b)
Start importing Assets/Models by Quaternius/Ultimate Modular Ruins Pack - Aug 2021/Blends/Floor_Standard_Half.blend using Guid(b2d971c7868817a41807ec4a283a9652) Importer(815301076,1909f56bfc062723c751e8b465ee728b)  -> (artifact id: '72abbc1dfd6103b6f677bc52f15d2e5c') in 0.036256 seconds 
========================================================================
Received Import Request.
  Time since last request: 0.000020 seconds.
  path: Assets/Models by Quaternius/Ultimate Modular Ruins Pack - Aug 2021/Blends/Doors_RoundArch_Covered.blend
  artifactKey: Guid(d82ebba6312574140a28bf699d1dc7e9) Importer(815301076,1909f56bfc062723c751e8b465ee728b)
Start importing Assets/Models by Quaternius/Ultimate Modular Ruins Pack - Aug 2021/Blends/Doors_RoundArch_Covered.blend using Guid(d82ebba6312574140a28bf699d1dc7e9) Importer(815301076,1909f56bfc062723c751e8b465ee728b)  -> (artifact id: 'b358eec8a7ae2603bc3f39ae3a7783dc') in 0.055340 seconds 
========================================================================
Received Import Request.
  Time since last request: 0.000020 seconds.
  path: Assets/Models by Quaternius/Ultimate Modular Ruins Pack - Aug 2021/Blends/Pot2.blend
  artifactKey: Guid(4cbb3aad8ba327847b2f0546ccf778ff) Importer(815301076,1909f56bfc062723c751e8b465ee728b)
Start importing Assets/Models by Quaternius/Ultimate Modular Ruins Pack - Aug 2021/Blends/Pot2.blend using Guid(4cbb3aad8ba327847b2f0546ccf778ff) Importer(815301076,1909f56bfc062723c751e8b465ee728b)  -> (artifact id: 'b2e32c3ff58b33a770f3e31ea99ccf01') in 0.023623 seconds 
========================================================================
Received Import Request.
  Time since last request: 0.000023 seconds.
  path: Assets/Models by Quaternius/Ultimate Modular Ruins Pack - Aug 2021/Blends/Chest_Gold.blend
  artifactKey: Guid(af7cd61ef87505c49b36ba4e26acb823) Importer(815301076,1909f56bfc062723c751e8b465ee728b)
Start importing Assets/Models by Quaternius/Ultimate Modular Ruins Pack - Aug 2021/Blends/Chest_Gold.blend using Guid(af7cd61ef87505c49b36ba4e26acb823) Importer(815301076,1909f56bfc062723c751e8b465ee728b)  -> (artifact id: '5aa3fd15f91a7a82dd2e22b4d8fe415c') in 0.092898 seconds 
========================================================================
Received Import Request.
  Time since last request: 0.000022 seconds.
  path: Assets/Models by Quaternius/Ultimate Modular Ruins Pack - Aug 2021/Blends/Curve_2.blend
  artifactKey: Guid(1f0456fd2ce7f1d459ecf296e0f233c7) Importer(815301076,1909f56bfc062723c751e8b465ee728b)
Start importing Assets/Models by Quaternius/Ultimate Modular Ruins Pack - Aug 2021/Blends/Curve_2.blend using Guid(1f0456fd2ce7f1d459ecf296e0f233c7) Importer(815301076,1909f56bfc062723c751e8b465ee728b)  -> (artifact id: '688b5f7ae12047761979c74f32bd5ec7') in 0.055234 seconds 
========================================================================
Received Import Request.
  Time since last request: 0.000030 seconds.
  path: Assets/Models by Quaternius/Ultimate Modular Ruins Pack - Aug 2021/Blends/Bookcase_Empty.blend
  artifactKey: Guid(3f88d381877d54749bdb556886ef99a5) Importer(815301076,1909f56bfc062723c751e8b465ee728b)
Start importing Assets/Models by Quaternius/Ultimate Modular Ruins Pack - Aug 2021/Blends/Bookcase_Empty.blend using Guid(3f88d381877d54749bdb556886ef99a5) Importer(815301076,1909f56bfc062723c751e8b465ee728b)  -> (artifact id: '98a5e3e4f864f604b21fb57a35a80027') in 0.023346 seconds 
========================================================================
Received Import Request.
  Time since last request: 0.000017 seconds.
  path: Assets/Models by Quaternius/Ultimate Modular Ruins Pack - Aug 2021/Blends/Window_Open.blend
  artifactKey: Guid(f36d3155ec17aab488888c19e0b9a72c) Importer(815301076,1909f56bfc062723c751e8b465ee728b)
Start importing Assets/Models by Quaternius/Ultimate Modular Ruins Pack - Aug 2021/Blends/Window_Open.blend using Guid(f36d3155ec17aab488888c19e0b9a72c) Importer(815301076,1909f56bfc062723c751e8b465ee728b)  -> (artifact id: '32d85dec8d45f0b6982e5c8d25702aaa') in 0.023257 seconds 
========================================================================
Received Import Request.
  Time since last request: 0.000022 seconds.
  path: Assets/Models by Quaternius/Ultimate Modular Ruins Pack - Aug 2021/Blends/Bush_Round.blend
  artifactKey: Guid(38a3a4580444aa143b7b4ef1998bd066) Importer(815301076,1909f56bfc062723c751e8b465ee728b)
Start importing Assets/Models by Quaternius/Ultimate Modular Ruins Pack - Aug 2021/Blends/Bush_Round.blend using Guid(38a3a4580444aa143b7b4ef1998bd066) Importer(815301076,1909f56bfc062723c751e8b465ee728b)  -> (artifact id: '0f29ec773c0dba6f93716129e4b514fe') in 0.057314 seconds 
========================================================================
Received Import Request.
  Time since last request: 0.000020 seconds.
  path: Assets/Models by Quaternius/Ultimate Modular Ruins Pack - Aug 2021/Blends/Flag_Wall2.blend
  artifactKey: Guid(dbff9019878aff9499ae722113f37c8a) Importer(815301076,1909f56bfc062723c751e8b465ee728b)
Start importing Assets/Models by Quaternius/Ultimate Modular Ruins Pack - Aug 2021/Blends/Flag_Wall2.blend using Guid(dbff9019878aff9499ae722113f37c8a) Importer(815301076,1909f56bfc062723c751e8b465ee728b)  -> (artifact id: 'acca18c4f1851ccc5646654729a450b5') in 0.059192 seconds 
========================================================================
Received Import Request.
  Time since last request: 0.000024 seconds.
  path: Assets/Models by Quaternius/Ultimate Modular Ruins Pack - Aug 2021/Blends/Window_Bars_Overgrown.blend
  artifactKey: Guid(4f9a1b21ddd428349999816bb9d60c38) Importer(815301076,1909f56bfc062723c751e8b465ee728b)
Start importing Assets/Models by Quaternius/Ultimate Modular Ruins Pack - Aug 2021/Blends/Window_Bars_Overgrown.blend using Guid(4f9a1b21ddd428349999816bb9d60c38) Importer(815301076,1909f56bfc062723c751e8b465ee728b)  -> (artifact id: '1fb0324231c131e03974788c4a8bab68') in 0.033210 seconds 
========================================================================
Received Import Request.
  Time since last request: 0.000023 seconds.
  path: Assets/Models by Quaternius/Ultimate Modular Ruins Pack - Aug 2021/Blends/Bricks.blend
  artifactKey: Guid(9f9c6543a2cf5954bbeb16ff209d8b5e) Importer(815301076,1909f56bfc062723c751e8b465ee728b)
Start importing Assets/Models by Quaternius/Ultimate Modular Ruins Pack - Aug 2021/Blends/Bricks.blend using Guid(9f9c6543a2cf5954bbeb16ff209d8b5e) Importer(815301076,1909f56bfc062723c751e8b465ee728b)  -> (artifact id: 'ff3c645e080a018ca06452dccf7a55b4') in 0.060289 seconds 
========================================================================
Received Import Request.
  Time since last request: 0.000025 seconds.
  path: Assets/Models by Quaternius/Ultimate Modular Ruins Pack - Aug 2021/Blends/Statue_Stag.blend
  artifactKey: Guid(93f19d856914c354da5916cfb8f893e5) Importer(815301076,1909f56bfc062723c751e8b465ee728b)
Start importing Assets/Models by Quaternius/Ultimate Modular Ruins Pack - Aug 2021/Blends/Statue_Stag.blend using Guid(93f19d856914c354da5916cfb8f893e5) Importer(815301076,1909f56bfc062723c751e8b465ee728b)  -> (artifact id: 'c164533a58b87f79cc5148afd476b4ab') in 0.062951 seconds 
========================================================================
Received Import Request.
  Time since last request: 0.000017 seconds.
  path: Assets/Models by Quaternius/Ultimate Modular Ruins Pack - Aug 2021/Blends/Wall_ArchRound_Overgrown_Broken.blend
  artifactKey: Guid(7abcb161aa11d3a49af57f027aaa982a) Importer(815301076,1909f56bfc062723c751e8b465ee728b)
Start importing Assets/Models by Quaternius/Ultimate Modular Ruins Pack - Aug 2021/Blends/Wall_ArchRound_Overgrown_Broken.blend using Guid(7abcb161aa11d3a49af57f027aaa982a) Importer(815301076,1909f56bfc062723c751e8b465ee728b)  -> (artifact id: 'd8aabe740a76eda51a0f5e1e56cfae7e') in 0.030836 seconds 
========================================================================
Received Import Request.
  Time since last request: 0.000026 seconds.
  path: Assets/Models by Quaternius/Ultimate Modular Ruins Pack - Aug 2021/Blends/Wall_ArchRound.blend
  artifactKey: Guid(2da4b50d1f0e0504792a1ff6c1262bc1) Importer(815301076,1909f56bfc062723c751e8b465ee728b)
Start importing Assets/Models by Quaternius/Ultimate Modular Ruins Pack - Aug 2021/Blends/Wall_ArchRound.blend using Guid(2da4b50d1f0e0504792a1ff6c1262bc1) Importer(815301076,1909f56bfc062723c751e8b465ee728b)  -> (artifact id: '8237ea516f1ea2dba214fb9959f105de') in 0.074815 seconds 
========================================================================
Received Import Request.
  Time since last request: 0.000022 seconds.
  path: Assets/Models by Quaternius/Ultimate Modular Ruins Pack - Aug 2021/Blends/Wall_ArchGothic.blend
  artifactKey: Guid(889c1f57c81a13a498b1628efae3c062) Importer(815301076,1909f56bfc062723c751e8b465ee728b)
Start importing Assets/Models by Quaternius/Ultimate Modular Ruins Pack - Aug 2021/Blends/Wall_ArchGothic.blend using Guid(889c1f57c81a13a498b1628efae3c062) Importer(815301076,1909f56bfc062723c751e8b465ee728b)  -> (artifact id: '464838334b992676e4a647e4b45cd7b4') in 0.041807 seconds 
========================================================================
Received Import Request.
  Time since last request: 0.000025 seconds.
  path: Assets/Models by Quaternius/Ultimate Modular Ruins Pack - Aug 2021/Blends/Statue_Fox.blend
  artifactKey: Guid(9b8c6d37e5ca4f645a482c9a314612f9) Importer(815301076,1909f56bfc062723c751e8b465ee728b)
Start importing Assets/Models by Quaternius/Ultimate Modular Ruins Pack - Aug 2021/Blends/Statue_Fox.blend using Guid(9b8c6d37e5ca4f645a482c9a314612f9) Importer(815301076,1909f56bfc062723c751e8b465ee728b)  -> (artifact id: '7ce78d1a3f91887dd3fc04f3c96b45d2') in 0.021080 seconds 
========================================================================
Received Import Request.
  Time since last request: 0.000021 seconds.
  path: Assets/Models by Quaternius/Ultimate Modular Ruins Pack - Aug 2021/Blends/DeadTree_1.blend
  artifactKey: Guid(2504bcacf2c8131498daa7cae3f653c1) Importer(815301076,1909f56bfc062723c751e8b465ee728b)
Start importing Assets/Models by Quaternius/Ultimate Modular Ruins Pack - Aug 2021/Blends/DeadTree_1.blend using Guid(2504bcacf2c8131498daa7cae3f653c1) Importer(815301076,1909f56bfc062723c751e8b465ee728b)  -> (artifact id: '6daf45ac65e234b78c004ca11fafb20d') in 0.035045 seconds 
========================================================================
Received Import Request.
  Time since last request: 0.000015 seconds.
  path: Assets/Models by Quaternius/Ultimate Modular Ruins Pack - Aug 2021/Blends/Trapdoor.blend
  artifactKey: Guid(b4c4c96a1bdfbe44d811e2b75a2aa5b3) Importer(815301076,1909f56bfc062723c751e8b465ee728b)
Start importing Assets/Models by Quaternius/Ultimate Modular Ruins Pack - Aug 2021/Blends/Trapdoor.blend using Guid(b4c4c96a1bdfbe44d811e2b75a2aa5b3) Importer(815301076,1909f56bfc062723c751e8b465ee728b)  -> (artifact id: '925a19d5c1bc9b0b0deffd19722006b0') in 0.028088 seconds 
========================================================================
Received Import Request.
  Time since last request: 0.000017 seconds.
  path: Assets/Models by Quaternius/Ultimate Modular Ruins Pack - Aug 2021/Blends/Doors_GothicArch.blend
  artifactKey: Guid(feb5903c0631e87498c7818b505f76fb) Importer(815301076,1909f56bfc062723c751e8b465ee728b)
Start importing Assets/Models by Quaternius/Ultimate Modular Ruins Pack - Aug 2021/Blends/Doors_GothicArch.blend using Guid(feb5903c0631e87498c7818b505f76fb) Importer(815301076,1909f56bfc062723c751e8b465ee728b)  -> (artifact id: '249a336c201792138b9cf6295932e7f5') in 0.067250 seconds 
========================================================================
Received Import Request.
  Time since last request: 0.000020 seconds.
  path: Assets/Models by Quaternius/Ultimate Modular Ruins Pack - Aug 2021/Blends/Wall_Overgrown.blend
  artifactKey: Guid(14d61a87ad3b1a940b60979ef92f4986) Importer(815301076,1909f56bfc062723c751e8b465ee728b)
Start importing Assets/Models by Quaternius/Ultimate Modular Ruins Pack - Aug 2021/Blends/Wall_Overgrown.blend using Guid(14d61a87ad3b1a940b60979ef92f4986) Importer(815301076,1909f56bfc062723c751e8b465ee728b)  -> (artifact id: '32b68a3f367d19cdf4146fcff68cd006') in 0.033875 seconds 
========================================================================
Received Import Request.
  Time since last request: 0.000021 seconds.
  path: Assets/Models by Quaternius/Ultimate Modular Ruins Pack - Aug 2021/Blends/Window_Bars.blend
  artifactKey: Guid(ea7128cb59f08f246bd98e05d5e88e7a) Importer(815301076,1909f56bfc062723c751e8b465ee728b)
Start importing Assets/Models by Quaternius/Ultimate Modular Ruins Pack - Aug 2021/Blends/Window_Bars.blend using Guid(ea7128cb59f08f246bd98e05d5e88e7a) Importer(815301076,1909f56bfc062723c751e8b465ee728b)  -> (artifact id: '14b0d5d0e2392f6005487d82449a857d') in 0.034250 seconds 
========================================================================
Received Import Request.
  Time since last request: 0.000025 seconds.
  path: Assets/Models by Quaternius/Ultimate Modular Ruins Pack - Aug 2021/Blends/Floor_Tree.blend
  artifactKey: Guid(c679e05fed6e14843950ded66398bc32) Importer(815301076,1909f56bfc062723c751e8b465ee728b)
Start importing Assets/Models by Quaternius/Ultimate Modular Ruins Pack - Aug 2021/Blends/Floor_Tree.blend using Guid(c679e05fed6e14843950ded66398bc32) Importer(815301076,1909f56bfc062723c751e8b465ee728b)  -> (artifact id: '4ccfdf58173559b907f32db92be504e0') in 0.041607 seconds 
========================================================================
Received Import Request.
  Time since last request: 0.000018 seconds.
  path: Assets/Models by Quaternius/Ultimate Modular Ruins Pack - Aug 2021/Blends/Column_Round.blend
  artifactKey: Guid(bd01f7bd1286bab40883857a232628f7) Importer(815301076,1909f56bfc062723c751e8b465ee728b)
Start importing Assets/Models by Quaternius/Ultimate Modular Ruins Pack - Aug 2021/Blends/Column_Round.blend using Guid(bd01f7bd1286bab40883857a232628f7) Importer(815301076,1909f56bfc062723c751e8b465ee728b)  -> (artifact id: '90040858954f57949db5bf580f7e9fcb') in 0.021774 seconds 
========================================================================
Received Import Request.
  Time since last request: 0.000029 seconds.
  path: Assets/Models by Quaternius/Ultimate Modular Ruins Pack - Aug 2021/Blends/Support_Right.blend
  artifactKey: Guid(3616792eb0efb724e822a9c886a11423) Importer(815301076,1909f56bfc062723c751e8b465ee728b)
Start importing Assets/Models by Quaternius/Ultimate Modular Ruins Pack - Aug 2021/Blends/Support_Right.blend using Guid(3616792eb0efb724e822a9c886a11423) Importer(815301076,1909f56bfc062723c751e8b465ee728b)  -> (artifact id: '5b7c0d3d36f73c4e163fa3e224d138d3') in 0.042961 seconds 
========================================================================
Received Import Request.
  Time since last request: 0.000034 seconds.
  path: Assets/Models by Quaternius/Ultimate Modular Ruins Pack - Aug 2021/Blends/Wall_Half.blend
  artifactKey: Guid(e555a432a486c5c469a8474b85cd847a) Importer(815301076,1909f56bfc062723c751e8b465ee728b)
Start importing Assets/Models by Quaternius/Ultimate Modular Ruins Pack - Aug 2021/Blends/Wall_Half.blend using Guid(e555a432a486c5c469a8474b85cd847a) Importer(815301076,1909f56bfc062723c751e8b465ee728b)  -> (artifact id: '84a8430e2136a593acc3434011e77f47') in 0.023474 seconds 
Editor requested this worker to shutdown with reason: Scaling down because of idle timeout
AssetImportWorker is now disconnected from the server
Process exiting
Exiting without the bug reporter. Application will terminate with return code 0